<?xml version="1.0" encoding="UTF-8"?>
<!-- Generated by org.testng.reporters.JUnitXMLReporter -->
<testsuite hostname="DESKTOP-GGQH05A" ignored="0" name="Default test" tests="5" failures="0" timestamp="2021-06-25T17:58:41 CEST" time="100.226" errors="0">
  <testcase name="editProfileTest" time="16.345" classname="tests.ProfileTest"/>
  <testcase name="changeProfileImageTest" time="23.72" classname="tests.ProfileTest"/>
  <testcase name="addMealToCartTest" time="13.903" classname="tests.MealItemTest"/>
  <testcase name="addMealToFavouriteTest" time="16.79" classname="tests.MealItemTest"/>
  <testcase name="clearCartTest" time="19.988" classname="tests.MealItemTest"/>
</testsuite> <!-- Default test -->
